0 info it worked if it ends with ok
1 verbose cli [ '/usr/bin/nodejs',
1 verbose cli   '/usr/bin/npm',
1 verbose cli   'install',
1 verbose cli   '-g',
1 verbose cli   'localtunnel' ]
2 info using npm@1.3.10
3 info using node@v0.10.25
4 verbose cache add [ 'localtunnel', null ]
5 verbose cache add name=undefined spec="localtunnel" args=["localtunnel",null]
6 verbose parsed url { protocol: null,
6 verbose parsed url   slashes: null,
6 verbose parsed url   auth: null,
6 verbose parsed url   host: null,
6 verbose parsed url   port: null,
6 verbose parsed url   hostname: null,
6 verbose parsed url   hash: null,
6 verbose parsed url   search: null,
6 verbose parsed url   query: null,
6 verbose parsed url   pathname: 'localtunnel',
6 verbose parsed url   path: 'localtunnel',
6 verbose parsed url   href: 'localtunnel' }
7 silly lockFile a0661bc8-localtunnel localtunnel
8 verbose lock localtunnel /home/ikukhar/.npm/a0661bc8-localtunnel.lock
9 silly lockFile a0661bc8-localtunnel localtunnel
10 silly lockFile a0661bc8-localtunnel localtunnel
11 verbose addNamed [ 'localtunnel', '' ]
12 verbose addNamed [ null, '*' ]
13 silly lockFile c752cf78-localtunnel localtunnel@
14 verbose lock localtunnel@ /home/ikukhar/.npm/c752cf78-localtunnel.lock
15 silly addNameRange { name: 'localtunnel', range: '*', hasData: false }
16 verbose url raw localtunnel
17 verbose url resolving [ 'https://registry.npmjs.org/', './localtunnel' ]
18 verbose url resolved https://registry.npmjs.org/localtunnel
19 info trying registry request attempt 1 at 21:58:26
20 http GET https://registry.npmjs.org/localtunnel
21 info retry will retry, error on last attempt: Error: getaddrinfo ENOTFOUND
22 info trying registry request attempt 2 at 21:58:56
23 http GET https://registry.npmjs.org/localtunnel
24 info retry will retry, error on last attempt: Error: getaddrinfo ENOTFOUND
25 info trying registry request attempt 3 at 22:00:16
26 http GET https://registry.npmjs.org/localtunnel
27 silly lockFile c752cf78-localtunnel localtunnel@
28 silly lockFile c752cf78-localtunnel localtunnel@
29 error network getaddrinfo ENOTFOUND
29 error network This is most likely not a problem with npm itself
29 error network and is related to network connectivity.
29 error network In most cases you are behind a proxy or have bad network settings.
29 error network
29 error network If you are behind a proxy, please make sure that the
29 error network 'proxy' config is set properly.  See: 'npm help config'
30 error System Linux 3.13.0-62-generic
31 error command "/usr/bin/nodejs" "/usr/bin/npm" "install" "-g" "localtunnel"
32 error cwd /home/ikukhar/Development/todo-list
33 error node -v v0.10.25
34 error npm -v 1.3.10
35 error syscall getaddrinfo
36 error code ENOTFOUND
37 error errno ENOTFOUND
38 verbose exit [ 1, true ]
